\BOOKMARK [0][-]{chapter*.1}{Abstract}{}% 1
\BOOKMARK [0][-]{chapter*.2}{List of Abbreviations}{}% 2
\BOOKMARK [0][-]{chapter*.3}{Symbols}{}% 3
\BOOKMARK [0][-]{chapter*.5}{List of Figures}{}% 4
\BOOKMARK [0][-]{chapter*.6}{List of Tables}{}% 5
\BOOKMARK [0][-]{chapter.1}{Introduction}{}% 6
\BOOKMARK [0][-]{chapter.2}{Governing equations and numerical discretization}{}% 7
\BOOKMARK [1][-]{section.2.1}{Analytical Solution for Fully-Developed Laminar Flow in a Circular Tube}{chapter.2}% 8
\BOOKMARK [2][-]{subsection.2.1.1}{Governing Equations}{section.2.1}% 9
\BOOKMARK [2][-]{subsection.2.1.2}{Assumptions}{section.2.1}% 10
\BOOKMARK [2][-]{subsection.2.1.3}{Reduction of the Governing Equations}{section.2.1}% 11
\BOOKMARK [2][-]{subsection.2.1.4}{Velocity Distribution}{section.2.1}% 12
\BOOKMARK [2][-]{subsection.2.1.5}{Volumetric Flow Rate}{section.2.1}% 13
\BOOKMARK [2][-]{subsection.2.1.6}{Mean and Maximum Velocity}{section.2.1}% 14
\BOOKMARK [2][-]{subsection.2.1.7}{Non-Dimensional Velocity Profile}{section.2.1}% 15
\BOOKMARK [2][-]{subsection.2.1.8}{Variable Definitions}{section.2.1}% 16
\BOOKMARK [1][-]{section.2.2}{Solution for flow between parallel plates \(y=h/2\)}{chapter.2}% 17
\BOOKMARK [0][-]{chapter.3}{Grid generation}{}% 18
\BOOKMARK [0][-]{chapter.4}{Methodology}{}% 19
\BOOKMARK [1][-]{section.4.1}{Domain specification}{chapter.4}% 20
\BOOKMARK [1][-]{section.4.2}{Initial conditions}{chapter.4}% 21
\BOOKMARK [0][-]{chapter.5}{Results and discussion}{}% 22
\BOOKMARK [1][-]{section.5.1}{Grid independence}{chapter.5}% 23
\BOOKMARK [0][-]{chapter.6}{Conclusion and future work}{}% 24
\BOOKMARK [0][-]{chapter*.8}{References}{}% 25
